#! /usr/bin/vvp
:ivl_version "12.0 (stable)";
:ivl_delay_selection "TYPICAL";
:vpi_time_precision - 12;
:vpi_module "/usr/lib/x86_64-linux-gnu/ivl/system.vpi";
:vpi_module "/usr/lib/x86_64-linux-gnu/ivl/vhdl_sys.vpi";
:vpi_module "/usr/lib/x86_64-linux-gnu/ivl/vhdl_textio.vpi";
:vpi_module "/usr/lib/x86_64-linux-gnu/ivl/v2005_math.vpi";
:vpi_module "/usr/lib/x86_64-linux-gnu/ivl/va_math.vpi";
:vpi_module "/usr/lib/x86_64-linux-gnu/ivl/v2009.vpi";
S_0x59ca222ce5f0 .scope package, "$unit" "$unit" 2 1;
 .timescale 0 0;
S_0x59ca222ce780 .scope module, "tb_score_tracker" "tb_score_tracker" 3 3;
 .timescale -9 -12;
v0x59ca22325910_0 .net "away_score", 7 0, v0x59ca222f7180_0;  1 drivers
v0x59ca223259f0_0 .var "clk", 0 0;
v0x59ca22325a90_0 .net "home_score", 7 0, v0x59ca222f8200_0;  1 drivers
v0x59ca22325b30_0 .var "minus_one_possession_pulse", 0 0;
v0x59ca22325bd0_0 .var "nrst", 0 0;
v0x59ca22325cc0_0 .var "plus_one_possession_pulse", 0 0;
v0x59ca22325d90_0 .var "possession_state", 0 0;
E_0x59ca2230dbb0 .event posedge, v0x59ca222f7f00_0;
S_0x59ca2230cc10 .scope module, "dut" "score_tracker" 3 14, 4 1 0, S_0x59ca222ce780;
 .timescale -9 -12;
    .port_info 0 /INPUT 1 "clk";
    .port_info 1 /INPUT 1 "nrst";
    .port_info 2 /INPUT 1 "plus_one_possession_pulse";
    .port_info 3 /INPUT 1 "minus_one_possession_pulse";
    .port_info 4 /INPUT 1 "possession_state";
    .port_info 5 /OUTPUT 8 "home_score";
    .port_info 6 /OUTPUT 8 "away_score";
v0x59ca222f7180_0 .var "away_score", 7 0;
v0x59ca222f7f00_0 .net "clk", 0 0, v0x59ca223259f0_0;  1 drivers
v0x59ca222f8200_0 .var "home_score", 7 0;
v0x59ca222f8dd0_0 .net "minus_one_possession_pulse", 0 0, v0x59ca22325b30_0;  1 drivers
v0x59ca222f90d0_0 .net "nrst", 0 0, v0x59ca22325bd0_0;  1 drivers
v0x59ca223256b0_0 .net "plus_one_possession_pulse", 0 0, v0x59ca22325cc0_0;  1 drivers
v0x59ca22325770_0 .net "possession_state", 0 0, v0x59ca22325d90_0;  1 drivers
E_0x59ca2230d8e0/0 .event negedge, v0x59ca222f90d0_0;
E_0x59ca2230d8e0/1 .event posedge, v0x59ca222f7f00_0;
E_0x59ca2230d8e0 .event/or E_0x59ca2230d8e0/0, E_0x59ca2230d8e0/1;
    .scope S_0x59ca2230cc10;
T_0 ;
    %wait E_0x59ca2230d8e0;
    %load/vec4 v0x59ca222f90d0_0;
    %nor/r;
    %flag_set/vec4 8;
    %jmp/0xz  T_0.0, 8;
    %pushi/vec4 0, 0, 8;
    %assign/vec4 v0x59ca222f8200_0, 0;
    %pushi/vec4 0, 0, 8;
    %assign/vec4 v0x59ca222f7180_0, 0;
    %jmp T_0.1;
T_0.0 ;
    %load/vec4 v0x59ca223256b0_0;
    %flag_set/vec4 8;
    %jmp/0xz  T_0.2, 8;
    %load/vec4 v0x59ca22325770_0;
    %flag_set/vec4 8;
    %jmp/0xz  T_0.4, 8;
    %load/vec4 v0x59ca222f8200_0;
    %addi 1, 0, 8;
    %assign/vec4 v0x59ca222f8200_0, 0;
    %jmp T_0.5;
T_0.4 ;
    %load/vec4 v0x59ca222f7180_0;
    %addi 1, 0, 8;
    %assign/vec4 v0x59ca222f7180_0, 0;
T_0.5 ;
    %jmp T_0.3;
T_0.2 ;
    %load/vec4 v0x59ca222f8dd0_0;
    %flag_set/vec4 8;
    %jmp/0xz  T_0.6, 8;
    %load/vec4 v0x59ca22325770_0;
    %flag_set/vec4 8;
    %jmp/0xz  T_0.8, 8;
    %load/vec4 v0x59ca222f8200_0;
    %cmpi/ne 0, 0, 8;
    %jmp/0xz  T_0.10, 4;
    %load/vec4 v0x59ca222f8200_0;
    %subi 1, 0, 8;
    %assign/vec4 v0x59ca222f8200_0, 0;
T_0.10 ;
    %jmp T_0.9;
T_0.8 ;
    %load/vec4 v0x59ca222f7180_0;
    %cmpi/ne 0, 0, 8;
    %jmp/0xz  T_0.12, 4;
    %load/vec4 v0x59ca222f7180_0;
    %subi 1, 0, 8;
    %assign/vec4 v0x59ca222f7180_0, 0;
T_0.12 ;
T_0.9 ;
T_0.6 ;
T_0.3 ;
T_0.1 ;
    %jmp T_0;
    .thread T_0;
    .scope S_0x59ca222ce780;
T_1 ;
    %pushi/vec4 0, 0, 1;
    %store/vec4 v0x59ca223259f0_0, 0, 1;
T_1.0 ;
    %delay 5000, 0;
    %load/vec4 v0x59ca223259f0_0;
    %inv;
    %store/vec4 v0x59ca223259f0_0, 0, 1;
    %jmp T_1.0;
    %end;
    .thread T_1;
    .scope S_0x59ca222ce780;
T_2 ;
    %pushi/vec4 0, 0, 1;
    %store/vec4 v0x59ca22325bd0_0, 0, 1;
    %pushi/vec4 0, 0, 1;
    %store/vec4 v0x59ca22325cc0_0, 0, 1;
    %pushi/vec4 0, 0, 1;
    %store/vec4 v0x59ca22325b30_0, 0, 1;
    %pushi/vec4 0, 0, 1;
    %store/vec4 v0x59ca22325d90_0, 0, 1;
    %delay 12000, 0;
    %pushi/vec4 1, 0, 1;
    %store/vec4 v0x59ca22325bd0_0, 0, 1;
    %wait E_0x59ca2230dbb0;
    %load/vec4 v0x59ca22325a90_0;
    %cmpi/e 0, 0, 8;
    %flag_get/vec4 4;
    %jmp/0 T_2.2, 4;
    %load/vec4 v0x59ca22325910_0;
    %pushi/vec4 0, 0, 8;
    %cmp/e;
    %flag_get/vec4 4;
    %and;
T_2.2;
    %flag_set/vec4 8;
    %jmp/0xz  T_2.0, 8;
    %vpi_call/w 3 42 "$display", "Passed Test 1" {0 0 0};
    %jmp T_2.1;
T_2.0 ;
    %vpi_call/w 3 44 "$display", "Failed Test 1" {0 0 0};
T_2.1 ;
    %pushi/vec4 1, 0, 1;
    %store/vec4 v0x59ca22325d90_0, 0, 1;
    %pushi/vec4 1, 0, 1;
    %store/vec4 v0x59ca22325cc0_0, 0, 1;
    %wait E_0x59ca2230dbb0;
    %pushi/vec4 0, 0, 1;
    %store/vec4 v0x59ca22325cc0_0, 0, 1;
    %wait E_0x59ca2230dbb0;
    %load/vec4 v0x59ca22325a90_0;
    %cmpi/e 1, 0, 8;
    %flag_get/vec4 4;
    %jmp/0 T_2.5, 4;
    %load/vec4 v0x59ca22325910_0;
    %pushi/vec4 0, 0, 8;
    %cmp/e;
    %flag_get/vec4 4;
    %and;
T_2.5;
    %flag_set/vec4 8;
    %jmp/0xz  T_2.3, 8;
    %vpi_call/w 3 53 "$display", "Passed Test 2" {0 0 0};
    %jmp T_2.4;
T_2.3 ;
    %vpi_call/w 3 55 "$display", "Failed Test 2" {0 0 0};
T_2.4 ;
    %pushi/vec4 0, 0, 1;
    %store/vec4 v0x59ca22325d90_0, 0, 1;
    %pushi/vec4 1, 0, 1;
    %store/vec4 v0x59ca22325cc0_0, 0, 1;
    %wait E_0x59ca2230dbb0;
    %pushi/vec4 0, 0, 1;
    %store/vec4 v0x59ca22325cc0_0, 0, 1;
    %wait E_0x59ca2230dbb0;
    %load/vec4 v0x59ca22325a90_0;
    %cmpi/e 1, 0, 8;
    %flag_get/vec4 4;
    %jmp/0 T_2.8, 4;
    %load/vec4 v0x59ca22325910_0;
    %pushi/vec4 1, 0, 8;
    %cmp/e;
    %flag_get/vec4 4;
    %and;
T_2.8;
    %flag_set/vec4 8;
    %jmp/0xz  T_2.6, 8;
    %vpi_call/w 3 63 "$display", "Passed Test 3" {0 0 0};
    %jmp T_2.7;
T_2.6 ;
    %vpi_call/w 3 65 "$display", "Failed Test 3" {0 0 0};
T_2.7 ;
    %pushi/vec4 1, 0, 1;
    %store/vec4 v0x59ca22325d90_0, 0, 1;
    %pushi/vec4 1, 0, 1;
    %store/vec4 v0x59ca22325b30_0, 0, 1;
    %wait E_0x59ca2230dbb0;
    %pushi/vec4 0, 0, 1;
    %store/vec4 v0x59ca22325b30_0, 0, 1;
    %load/vec4 v0x59ca22325a90_0;
    %cmpi/e 0, 0, 8;
    %flag_get/vec4 4;
    %jmp/0 T_2.11, 4;
    %load/vec4 v0x59ca22325910_0;
    %pushi/vec4 1, 0, 8;
    %cmp/e;
    %flag_get/vec4 4;
    %and;
T_2.11;
    %flag_set/vec4 8;
    %jmp/0xz  T_2.9, 8;
    %vpi_call/w 3 72 "$display", "Passed Test 4" {0 0 0};
    %jmp T_2.10;
T_2.9 ;
    %vpi_call/w 3 74 "$display", "Failed Test 4" {0 0 0};
T_2.10 ;
    %vpi_call/w 3 76 "$finish" {0 0 0};
    %end;
    .thread T_2;
# The file index is used to find the file name in the following table.
:file_names 5;
    "N/A";
    "<interactive>";
    "-";
    "tb/score_tracker_tb.sv";
    "src/score_tracker.sv";
